[14:22:25] [main/INFO] ========================================
[14:22:25] [main/INFO] Minecraft: 1.21.5
[14:22:25] [main/INFO] Side: server
[14:22:25] [main/INFO] Development: false
[14:22:25] [main/INFO] Version: 19.0.809
[14:22:25] [main/INFO] Loader:
[14:22:25] [main/INFO] - Fabric: 0.16.14
[14:22:25] [main/INFO] - Fabric API: 0.128.1+1.21.5
[14:22:25] [main/INFO] Dependencies:
[14:22:25] [main/INFO] - Cloth Config: 18.0.145
[14:22:25] [main/INFO] - Architectury: 16.1.4
[14:22:25] [main/INFO] Mixin: 0.8.7
[14:22:25] [main/INFO] OS: Linux 6.8.0-1030-azure (amd64)
[14:22:25] [main/INFO] Java: 21.0.8 (Ubuntu)
[14:22:25] [main/INFO] ========================================
[14:22:25] [main/INFO] Mods:
[14:22:25] [main/INFO] - almanac: 1.4.5
[14:22:25] [main/INFO] - architectury: 16.1.4
[14:22:25] [main/INFO] - async: 0.1.7+alpha.5-1.21.5
[14:22:25] [main/INFO] - c2me: 0.3.3.0.0+1.21.5
[14:22:25] [main/INFO] - c2me-base: 0.3.3.0.0+1.21.5
[14:22:25] [main/INFO] - c2me-fixes-chunkio-threading-issues: 0.3.3.0.0+1.21.5
[14:22:25] [main/INFO] - c2me-fixes-general-threading-issues: 0.3.3.0.0+1.21.5
[14:22:25] [main/INFO] - c2me-fixes-worldgen-threading-issues: 0.3.3.0.0+1.21.5
[14:22:25] [main/INFO] - c2me-fixes-worldgen-vanilla-bugs: 0.3.3.0.0+1.21.5
[14:22:25] [main/INFO] - c2me-notickvd: 0.3.3.0.0+1.21.5
[14:22:25] [main/INFO] - c2me-opts-allocs: 0.3.3.0.0+1.21.5
[14:22:25] [main/INFO] - c2me-opts-chunkio: 0.3.3.0.0+1.21.5
[14:22:25] [main/INFO] - c2me-opts-dfc: 0.3.3.0.0+1.21.5
[14:22:25] [main/INFO] - c2me-opts-math: 0.3.3.0.0+1.21.5
[14:22:25] [main/INFO] - c2me-opts-scheduling: 0.3.3.0.0+1.21.5
[14:22:25] [main/INFO] - c2me-opts-worldgen-general: 0.3.3.0.0+1.21.5
[14:22:25] [main/INFO] - c2me-opts-worldgen-vanilla: 0.3.3.0.0+1.21.5
[14:22:25] [main/INFO] - c2me-rewrites-chunk-serializer: 0.3.3.0.0+1.21.5
[14:22:25] [main/INFO] - c2me-rewrites-chunk-system: 0.3.3.0.0+1.21.5
[14:22:25] [main/INFO] - c2me-rewrites-chunkio: 0.3.3.0.0+1.21.5
[14:22:25] [main/INFO] - c2me-server-utils: 0.3.3.0.0+1.21.5
[14:22:25] [main/INFO] - c2me-threading-lighting: 0.3.3.0.0+1.21.5
[14:22:25] [main/INFO] - chunky: 1.4.36
[14:22:25] [main/INFO] - clienthings: 2.4.0
[14:22:25] [main/INFO] - cloth-basic-math: 0.6.1
[14:22:25] [main/INFO] - cloth-config: 18.0.145
[14:22:25] [main/INFO] - cloth-config: 18.0.145
[14:22:25] [main/INFO] - clumps: 23.0.0.1
[14:22:25] [main/INFO] - com_electronwill_night-config_core: 3.8.1
[14:22:25] [main/INFO] - com_electronwill_night-config_toml: 3.8.1
[14:22:25] [main/INFO] - com_github_bsommerfeld_jshepherd_core: 3.3.1
[14:22:25] [main/INFO] - com_github_bsommerfeld_jshepherd_yaml: 3.3.1
[14:22:25] [main/INFO] - com_google_auto_service_auto-service: 1.1.1
[14:22:25] [main/INFO] - com_google_auto_service_auto-service-annotations: 1.1.1
[14:22:25] [main/INFO] - com_ibm_async_asyncutil: 0.1.0
[14:22:25] [main/INFO] - com_twelvemonkeys_common_common-image: 3.12.0
[14:22:25] [main/INFO] - com_twelvemonkeys_common_common-io: 3.12.0
[14:22:25] [main/INFO] - com_twelvemonkeys_common_common-lang: 3.12.0
[14:22:25] [main/INFO] - com_twelvemonkeys_imageio_imageio-core: 3.12.0
[14:22:25] [main/INFO] - com_twelvemonkeys_imageio_imageio-metadata: 3.12.0
[14:22:25] [main/INFO] - com_twelvemonkeys_imageio_imageio-webp: 3.12.0
[14:22:25] [main/INFO] - com_velocitypowered_velocity-native: 3.4.0-SNAPSHOT
[14:22:25] [main/INFO] - debugify: 1.21.5+1.0
[14:22:25] [main/INFO] - disableportalchecks: 1.0.0
[14:22:25] [main/INFO] - disconnect-packet-fix: 2.0.0
[14:22:25] [main/INFO] - enchanter_fix: 1.6
[14:22:25] [main/INFO] - error_notifier: 1.0.11
[14:22:25] [main/INFO] - fabric-api: 0.128.1+1.21.5
[14:22:25] [main/INFO] - fabric-api: 0.128.1+1.21.5
[14:22:25] [main/INFO] - fabric-api-base: 0.4.62+73a52b4b49
[14:22:25] [main/INFO] - fabric-api-lookup-api-v1: 1.6.96+86c3a9f149
[14:22:25] [main/INFO] - fabric-biome-api-v1: 16.0.7+2dd063df49
[14:22:25] [main/INFO] - fabric-block-api-v1: 1.1.0+ed91556f49
[14:22:25] [main/INFO] - fabric-block-view-api-v2: 1.0.26+aa6d566c49
[14:22:25] [main/INFO] - fabric-command-api-v1: 1.2.70+f71b366f49
[14:22:25] [main/INFO] - fabric-command-api-v2: 2.2.49+73a52b4b49
[14:22:25] [main/INFO] - fabric-commands-v0: 0.2.87+df3654b349
[14:22:25] [main/INFO] - fabric-content-registries-v0: 10.0.14+3e6c1f7d49
[14:22:25] [main/INFO] - fabric-convention-tags-v1: 2.1.33+7f945d5b49
[14:22:25] [main/INFO] - fabric-convention-tags-v2: 2.15.2+6d9989f349
[14:22:25] [main/INFO] - fabric-crash-report-info-v1: 0.3.12+86c3a9f149
[14:22:25] [main/INFO] - fabric-data-attachment-api-v1: 1.8.5+6d9989f349
[14:22:25] [main/INFO] - fabric-data-generation-api-v1: 22.5.2+a0fab30c49
[14:22:25] [main/INFO] - fabric-dimensions-v1: 4.0.17+3e6c1f7d49
[14:22:25] [main/INFO] - fabric-entity-events-v1: 2.1.0+3ce7866349
[14:22:25] [main/INFO] - fabric-events-interaction-v0: 4.0.15+64e3057949
[14:22:25] [main/INFO] - fabric-game-rule-api-v1: 1.0.70+c327076a49
[14:22:25] [main/INFO] - fabric-item-api-v1: 11.4.1+e46fd76a49
[14:22:25] [main/INFO] - fabric-item-group-api-v1: 4.2.9+3459fc6149
[14:22:25] [main/INFO] - fabric-language-kotlin: 1.13.4+kotlin.2.2.0
[14:22:25] [main/INFO] - fabric-lifecycle-events-v1: 2.6.0+230071a049
[14:22:25] [main/INFO] - fabric-loot-api-v2: 3.0.48+3f89f5a549
[14:22:25] [main/INFO] - fabric-loot-api-v3: 1.0.36+86c3a9f149
[14:22:25] [main/INFO] - fabric-message-api-v1: 6.1.0+fe971bba49
[14:22:25] [main/INFO] - fabric-networking-api-v1: 4.5.0+775be32c49
[14:22:25] [main/INFO] - fabric-object-builder-api-v1: 21.1.2+b8d6ba7049
[14:22:25] [main/INFO] - fabric-particles-v1: 4.1.2+112e550e49
[14:22:25] [main/INFO] - fabric-permissions-api-v0: 0.3.3
[14:22:25] [main/INFO] - fabric-recipe-api-v1: 8.1.8+3235ab3249
[14:22:25] [main/INFO] - fabric-registry-sync-v0: 6.1.22+cd64004349
[14:22:25] [main/INFO] - fabric-rendering-data-attachment-v1: 0.3.64+73761d2e49
[14:22:25] [main/INFO] - fabric-rendering-fluids-v1: 3.1.27+86c3a9f149
[14:22:25] [main/INFO] - fabric-resource-conditions-api-v1: 5.0.21+73a52b4b49
[14:22:25] [main/INFO] - fabric-resource-loader-v0: 3.1.7+847e5f5c49
[14:22:25] [main/INFO] - fabric-screen-handler-api-v1: 1.3.129+c327076a49
[14:22:25] [main/INFO] - fabric-tag-api-v1: 1.0.17+ecf51cdc49
[14:22:25] [main/INFO] - fabric-transfer-api-v1: 5.4.24+7b20cbb049
[14:22:25] [main/INFO] - fabric-transitive-access-wideners-v1: 6.3.17+f17a180c49
[14:22:25] [main/INFO] - fabricloader: 0.16.14
[14:22:25] [main/INFO] - ferritecore: 8.0.0
[14:22:25] [main/INFO] - fluorine: 1.2
[14:22:25] [main/INFO] - fnp_patcher: 25.7.2
[14:22:25] [main/INFO] - forgeconfigapiport: 21.5.1
[14:22:25] [main/INFO] - fsit: 2.7.10+mc1.21.2
[14:22:25] [main/INFO] - io_reactivex_rxjava3_rxjava: 3.1.8
[14:22:25] [main/INFO] - java: 21
[14:22:25] [main/INFO] - krypton: 0.2.9
[14:22:25] [main/INFO] - ksyxis: 1.3.4
[14:22:25] [main/INFO] - leavesbegone: 21.5.2
[14:22:25] [main/INFO] - letmedespawn: 1.5.1
[14:22:25] [main/INFO] - lithium: 0.16.3+mc1.21.5
[14:22:25] [main/INFO] - minecraft: 1.21.5
[14:22:25] [main/INFO] - mixinextras: 0.4.1
[14:22:25] [main/INFO] - mixinsquared: 0.2.0-beta.6
[14:22:25] [main/INFO] - modernfix: 5.20.4-beta.3+mc25w07a.e6c9
[14:22:25] [main/INFO] - mr_vanilla_plusdatapack: 15.0
[14:22:25] [main/INFO] - nemos-better-mending: 1.21.5-1.1.1
[14:22:25] [main/INFO] - net_objecthunter_exp4j: 0.4.8
[14:22:25] [main/INFO] - net_snackbag_shit_shit: 1.2.3
[14:22:25] [main/INFO] - noisium: 2.6.0+mc1.21.5
[14:22:25] [main/INFO] - one_pkg_velocity_rc_velocity-native: 3.4.0-SNAPSHOT
[14:22:25] [main/INFO] - org_jctools_jctools-core: 4.0.5
[14:22:25] [main/INFO] - org_jetbrains_kotlin_kotlin-reflect: 2.2.0
[14:22:25] [main/INFO] - org_jetbrains_kotlin_kotlin-stdlib: 2.2.0
[14:22:25] [main/INFO] - org_jetbrains_kotlin_kotlin-stdlib-jdk7: 2.2.0
[14:22:25] [main/INFO] - org_jetbrains_kotlin_kotlin-stdlib-jdk8: 2.2.0
[14:22:25] [main/INFO] - org_jetbrains_kotlinx_atomicfu-jvm: 0.28.0
[14:22:25] [main/INFO] - org_jetbrains_kotlinx_kotlinx-coroutines-core-jvm: 1.10.2
[14:22:25] [main/INFO] - org_jetbrains_kotlinx_kotlinx-coroutines-jdk8: 1.10.2
[14:22:25] [main/INFO] - org_jetbrains_kotlinx_kotlinx-datetime-jvm: 0.6.2
[14:22:25] [main/INFO] - org_jetbrains_kotlinx_kotlinx-io-bytestring-jvm: 0.7.0
[14:22:25] [main/INFO] - org_jetbrains_kotlinx_kotlinx-io-core-jvm: 0.7.0
[14:22:25] [main/INFO] - org_jetbrains_kotlinx_kotlinx-serialization-cbor-jvm: 1.8.1
[14:22:25] [main/INFO] - org_jetbrains_kotlinx_kotlinx-serialization-core-jvm: 1.8.1
[14:22:25] [main/INFO] - org_jetbrains_kotlinx_kotlinx-serialization-json-jvm: 1.8.1
[14:22:25] [main/INFO] - org_quiltmc_parsers_gson: 0.2.1
[14:22:25] [main/INFO] - org_quiltmc_parsers_json: 0.2.1
[14:22:25] [main/INFO] - org_reactivestreams_reactive-streams: 1.0.4
[14:22:25] [main/INFO] - org_yaml_snakeyaml: 2.4
[14:22:25] [main/INFO] - passivearmour: 1.0.0
[14:22:25] [main/INFO] - placeholder-api: 2.6.2+1.21.5
[14:22:25] [main/INFO] - puzzleslib: 21.5.12
[14:22:25] [main/INFO] - roughlyenoughitems: 19.0.809
[14:22:25] [main/INFO] - scalablelux: 0.1.3+beta.1+fabric.4039a8d
[14:22:25] [main/INFO] - sepals: 1.0.23-compatible
[14:22:25] [main/INFO] - servercore: 1.5.12+1.21.5
[14:22:25] [main/INFO] - slumber: 1.3.0
[14:22:25] [main/INFO] - space_arim_dazzleconf_dazzleconf-core: 1.3.0-M2
[14:22:25] [main/INFO] - space_arim_dazzleconf_dazzleconf-ext-snakeyaml: 1.3.0-M2
[14:22:25] [main/INFO] - spark: 1.10.138
[14:22:25] [main/INFO] - threadtweak: 0.1.7+mc1.21.5
[14:22:25] [main/INFO] - tickstabilizer: 1.0.0
[14:22:25] [main/INFO] - trade_cycling: 1.21.5-1.0.18
[14:22:25] [main/INFO] - tt20: 0.7.1
[14:22:25] [main/INFO] - vmp: 0.2.0+beta.7.198+1.21.5
[14:22:25] [main/INFO] - voicechat: 1.21.5-2.5.35
[14:22:25] [main/INFO] - yet_another_config_lib_v3: 3.7.1+1.21.5-fabric
[14:22:25] [main/INFO] ========================================
[14:22:25] [main/INFO] [REI] Registered plugin provider DefaultPlugin [roughlyenoughitems] for REICommonPlugin
[14:22:25] [main/INFO] [REI] Registered plugin provider DefaultRuntimePlugin [roughlyenoughitems] for REICommonPlugin
[14:22:25] [main/INFO] [REI] Registered plugin provider FabricFluidAPISupportPlugin for REICommonPlugin
[14:22:27] [main/DEBUG] [REI] Processed 3 tags in 387.1 μs for minecraft:point_of_interest_type
[14:22:27] [main/DEBUG] [REI] Processed 5 tags in 95.64 μs for minecraft:game_event
[14:22:27] [main/DEBUG] [REI] Processed 120 tags in 503.5 μs for minecraft:entity_type
[14:22:27] [main/DEBUG] [REI] Processed 433 tags in 2.041 ms for minecraft:block
[14:22:27] [main/DEBUG] [REI] Processed 560 tags in 1.196 ms for minecraft:item
[14:22:27] [main/DEBUG] [REI] Processed 5 tags in 16.53 μs for minecraft:fluid
[14:22:38] [Server thread/DEBUG] [REI] Starting Reload Plugins of stage null
java.lang.Throwable
	at knot//me.shedaniel.rei.impl.common.plugins.ReloadManagerImpl.reloadPlugins(ReloadManagerImpl.java:110)
	at knot//me.shedaniel.rei.RoughlyEnoughItemsCore.lambda$onInitialize$5(RoughlyEnoughItemsCore.java:157)
	at knot//dev.architectury.event.fabric.EventHandlerImpl.lambda$registerCommon$10(EventHandlerImpl.java:67)
	at knot//net.fabricmc.fabric.api.event.lifecycle.v1.ServerLifecycleEvents.lambda$static$2(ServerLifecycleEvents.java:49)
	at knot//net.minecraft.server.MinecraftServer.handler$bbi000$fabric-lifecycle-events-v1$afterSetupServer(MinecraftServer.java:3697)
	at knot//net.minecraft.server.MinecraftServer.method_29741(MinecraftServer.java:675)
	at knot//net.minecraft.server.MinecraftServer.method_29739(MinecraftServer.java:290)
	at java.base/java.lang.Thread.run(Thread.java:1583)
[14:22:38] [Server thread/DEBUG] [REI] ========================================
[14:22:38] [Server thread/DEBUG] [REI] REICommonPlugin starting pre-reload for START.
[14:22:38] [Server thread/DEBUG] [REI] Reloadables (8):
[14:22:38] [Server thread/DEBUG] [REI]  - SlotAccessorRegistryImpl
[14:22:38] [Server thread/DEBUG] [REI]  - EntryTypeRegistryImpl
[14:22:38] [Server thread/DEBUG] [REI]  - EntrySettingsAdapterRegistryImpl
[14:22:38] [Server thread/DEBUG] [REI]  - ItemComparatorRegistryImpl
[14:22:38] [Server thread/DEBUG] [REI]  - FluidComparatorRegistryImpl
[14:22:38] [Server thread/DEBUG] [REI]  - DisplaySerializerRegistryImpl
[14:22:38] [Server thread/DEBUG] [REI]  - ServerDisplayRegistryImpl
[14:22:38] [Server thread/DEBUG] [REI]  - FluidSupportProviderImpl
[14:22:38] [Server thread/DEBUG] [REI] Plugins (3):
[14:22:38] [Server thread/DEBUG] [REI]  - (-100.00) DefaultPlugin of DefaultPlugin [roughlyenoughitems]
[14:22:38] [Server thread/DEBUG] [REI]  - (0.00) FabricFluidAPISupportPlugin
[14:22:38] [Server thread/DEBUG] [REI]  - (0.00) DefaultRuntimePlugin of DefaultRuntimePlugin [roughlyenoughitems]
[14:22:38] [Server thread/DEBUG] [REI] ========================================
[14:22:38] [Server thread/TRACE] [REI] [REICommonPlugin START] Reloading Section: "pre-register/"
[14:22:38] [Server thread/TRACE] [REI] [REICommonPlugin START] Reloading Section: "pre-register/DefaultPlugin of DefaultPlugin [roughlyenoughitems]/"
[14:22:38] [Server thread/TRACE] [REI] [REICommonPlugin START] Reloading Section: "pre-register/DefaultPlugin of DefaultPlugin [roughlyenoughitems]/" done in 1.177 ms
[14:22:38] [Server thread/TRACE] [REI] [REICommonPlugin START] Reloading Section: "pre-register/FabricFluidAPISupportPlugin/"
[14:22:38] [Server thread/TRACE] [REI] [REICommonPlugin START] Reloading Section: "pre-register/FabricFluidAPISupportPlugin/" done in 245.3 μs
[14:22:38] [Server thread/TRACE] [REI] [REICommonPlugin START] Reloading Section: "pre-register/DefaultRuntimePlugin of DefaultRuntimePlugin [roughlyenoughitems]/"
[14:22:38] [Server thread/TRACE] [REI] [REICommonPlugin START] Reloading Section: "pre-register/DefaultRuntimePlugin of DefaultRuntimePlugin [roughlyenoughitems]/" done in 44.43 μs
[14:22:38] [Server thread/TRACE] [REI] [REICommonPlugin START] Reloading Section: "pre-register/" done in 16.59 ms
[14:22:38] [Server thread/TRACE] [REI] [REICommonPlugin START] Reloading Section: "pre-stage/"
[14:22:38] [Server thread/TRACE] [REI] [REICommonPlugin START] Reloading Section: "pre-stage/SlotAccessorRegistryImpl/"
[14:22:38] [Server thread/TRACE] [REI] [REICommonPlugin START] Reloading Section: "pre-stage/SlotAccessorRegistryImpl/" done in 284.3 μs
[14:22:38] [Server thread/TRACE] [REI] [REICommonPlugin START] Reloading Section: "pre-stage/EntryTypeRegistryImpl/"
[14:22:38] [Server thread/TRACE] [REI] [REICommonPlugin START] Reloading Section: "pre-stage/EntryTypeRegistryImpl/" done in 83.04 μs
[14:22:38] [Server thread/TRACE] [REI] [REICommonPlugin START] Reloading Section: "pre-stage/EntrySettingsAdapterRegistryImpl/"
[14:22:38] [Server thread/TRACE] [REI] [REICommonPlugin START] Reloading Section: "pre-stage/EntrySettingsAdapterRegistryImpl/" done in 63.52 μs
[14:22:38] [Server thread/TRACE] [REI] [REICommonPlugin START] Reloading Section: "pre-stage/ItemComparatorRegistryImpl/"
[14:22:38] [Server thread/TRACE] [REI] [REICommonPlugin START] Reloading Section: "pre-stage/ItemComparatorRegistryImpl/" done in 52.17 μs
[14:22:38] [Server thread/TRACE] [REI] [REICommonPlugin START] Reloading Section: "pre-stage/FluidComparatorRegistryImpl/"
[14:22:38] [Server thread/TRACE] [REI] [REICommonPlugin START] Reloading Section: "pre-stage/FluidComparatorRegistryImpl/" done in 53.17 μs
[14:22:38] [Server thread/TRACE] [REI] [REICommonPlugin START] Reloading Section: "pre-stage/DisplaySerializerRegistryImpl/"
[14:22:38] [Server thread/TRACE] [REI] [REICommonPlugin START] Reloading Section: "pre-stage/DisplaySerializerRegistryImpl/" done in 52.84 μs
[14:22:38] [Server thread/TRACE] [REI] [REICommonPlugin START] Reloading Section: "pre-stage/ServerDisplayRegistryImpl/"
[14:22:38] [Server thread/TRACE] [REI] [REICommonPlugin START] Reloading Section: "pre-stage/ServerDisplayRegistryImpl/" done in 55.36 μs
[14:22:38] [Server thread/TRACE] [REI] [REICommonPlugin START] Reloading Section: "pre-stage/FluidSupportProviderImpl/"
[14:22:38] [Server thread/TRACE] [REI] [REICommonPlugin START] Reloading Section: "pre-stage/FluidSupportProviderImpl/" done in 53.12 μs
[14:22:38] [Server thread/TRACE] [REI] [REICommonPlugin START] Reloading Section: "pre-stage/" done in 4.178 ms
[14:22:38] [Server thread/DEBUG] [REI] ========================================
[14:22:38] [Server thread/DEBUG] [REI] REICommonPlugin finished pre-reload for START in 21.43 ms.
[14:22:38] [Server thread/DEBUG] [REI] ========================================
[14:22:38] [Server thread/INFO] [REI] ========================================
[14:22:38] [Server thread/INFO] [REI] REICommonPlugin starting main-reload for START.
[14:22:38] [Server thread/DEBUG] [REI] Reloadables (8):
[14:22:38] [Server thread/DEBUG] [REI]  - SlotAccessorRegistryImpl
[14:22:38] [Server thread/DEBUG] [REI]  - EntryTypeRegistryImpl
[14:22:38] [Server thread/DEBUG] [REI]  - EntrySettingsAdapterRegistryImpl
[14:22:38] [Server thread/DEBUG] [REI]  - ItemComparatorRegistryImpl
[14:22:38] [Server thread/DEBUG] [REI]  - FluidComparatorRegistryImpl
[14:22:38] [Server thread/DEBUG] [REI]  - DisplaySerializerRegistryImpl
[14:22:38] [Server thread/DEBUG] [REI]  - ServerDisplayRegistryImpl
[14:22:38] [Server thread/DEBUG] [REI]  - FluidSupportProviderImpl
[14:22:38] [Server thread/INFO] [REI] Plugins (3):
[14:22:38] [Server thread/INFO] [REI]  - (-100.00) DefaultPlugin of DefaultPlugin [roughlyenoughitems]
[14:22:38] [Server thread/INFO] [REI]  - (0.00) FabricFluidAPISupportPlugin
[14:22:38] [Server thread/INFO] [REI]  - (0.00) DefaultRuntimePlugin of DefaultRuntimePlugin [roughlyenoughitems]
[14:22:38] [Server thread/INFO] [REI] ========================================
[14:22:38] [Server thread/TRACE] [REI] [REICommonPlugin START] Reloading Section: "start-reload/"
[14:22:38] [Server thread/TRACE] [REI] [REICommonPlugin START] Reloading Section: "start-reload/SlotAccessorRegistryImpl/"
[14:22:38] [Server thread/TRACE] [REI] [REICommonPlugin START] Reloading Section: "start-reload/SlotAccessorRegistryImpl/" done in 81.46 μs
[14:22:38] [Server thread/TRACE] [REI] [REICommonPlugin START] Reloading Section: "start-reload/EntryTypeRegistryImpl/"
[14:22:38] [Server thread/TRACE] [REI] [REICommonPlugin START] Reloading Section: "start-reload/EntryTypeRegistryImpl/" done in 434.4 μs
[14:22:38] [Server thread/TRACE] [REI] [REICommonPlugin START] Reloading Section: "start-reload/EntrySettingsAdapterRegistryImpl/"
[14:22:38] [Server thread/TRACE] [REI] [REICommonPlugin START] Reloading Section: "start-reload/EntrySettingsAdapterRegistryImpl/" done in 446.7 μs
[14:22:38] [Server thread/TRACE] [REI] [REICommonPlugin START] Reloading Section: "start-reload/ItemComparatorRegistryImpl/"
[14:22:38] [Server thread/TRACE] [REI] [REICommonPlugin START] Reloading Section: "start-reload/ItemComparatorRegistryImpl/" done in 55.80 μs
[14:22:38] [Server thread/TRACE] [REI] [REICommonPlugin START] Reloading Section: "start-reload/FluidComparatorRegistryImpl/"
[14:22:38] [Server thread/TRACE] [REI] [REICommonPlugin START] Reloading Section: "start-reload/FluidComparatorRegistryImpl/" done in 37.79 μs
[14:22:38] [Server thread/TRACE] [REI] [REICommonPlugin START] Reloading Section: "start-reload/DisplaySerializerRegistryImpl/"
[14:22:38] [Server thread/TRACE] [REI] [REICommonPlugin START] Reloading Section: "start-reload/DisplaySerializerRegistryImpl/" done in 40.25 μs
[14:22:38] [Server thread/TRACE] [REI] [REICommonPlugin START] Reloading Section: "start-reload/ServerDisplayRegistryImpl/"
[14:22:38] [Server thread/TRACE] [REI] [REICommonPlugin START] Reloading Section: "start-reload/ServerDisplayRegistryImpl/" done in 35.61 μs
[14:22:38] [Server thread/TRACE] [REI] [REICommonPlugin START] Reloading Section: "start-reload/FluidSupportProviderImpl/"
[14:22:38] [Server thread/TRACE] [REI] [REICommonPlugin START] Reloading Section: "start-reload/FluidSupportProviderImpl/" done in 237.1 μs
[14:22:38] [Server thread/TRACE] [REI] [REICommonPlugin START] Reloading Section: "start-reload/" done in 4.479 ms
[14:22:38] [Server thread/DEBUG] [REI] ========================================
[14:22:38] [Server thread/DEBUG] [REI] REICommonPlugin started main-reload for START.
[14:22:38] [Server thread/DEBUG] [REI] ========================================
[14:22:38] [Server thread/TRACE] [REI] [REICommonPlugin START] Reloading Section: "reloadable-plugin/SlotAccessorRegistryImpl/"
[14:22:38] [Server thread/TRACE] [REI] [REICommonPlugin START] Reloading Section: "reloadable-plugin/SlotAccessorRegistryImpl/DefaultPlugin of DefaultPlugin [roughlyenoughitems]/"
[14:22:38] [Server thread/TRACE] [REI] [REICommonPlugin START] Reloading Section: "reloadable-plugin/SlotAccessorRegistryImpl/DefaultPlugin of DefaultPlugin [roughlyenoughitems]/" done in 278.9 μs
[14:22:38] [Server thread/TRACE] [REI] [REICommonPlugin START] Reloading Section: "reloadable-plugin/SlotAccessorRegistryImpl/FabricFluidAPISupportPlugin/"
[14:22:38] [Server thread/TRACE] [REI] [REICommonPlugin START] Reloading Section: "reloadable-plugin/SlotAccessorRegistryImpl/FabricFluidAPISupportPlugin/" done in 44.10 μs
[14:22:38] [Server thread/TRACE] [REI] [REICommonPlugin START] Reloading Section: "reloadable-plugin/SlotAccessorRegistryImpl/DefaultRuntimePlugin of DefaultRuntimePlugin [roughlyenoughitems]/"
[14:22:38] [Server thread/TRACE] [REI] [REICommonPlugin START] Reloading Section: "reloadable-plugin/SlotAccessorRegistryImpl/DefaultRuntimePlugin of DefaultRuntimePlugin [roughlyenoughitems]/" done in 42.60 μs
[14:22:38] [Server thread/TRACE] [REI] [REICommonPlugin START] Reloading Section: "reloadable-plugin/SlotAccessorRegistryImpl/" done in 1.199 ms
[14:22:38] [Server thread/TRACE] [REI] [REICommonPlugin START] Reloading Section: "reloadable-plugin/EntryTypeRegistryImpl/"
[14:22:38] [Server thread/TRACE] [REI] [REICommonPlugin START] Reloading Section: "reloadable-plugin/EntryTypeRegistryImpl/DefaultPlugin of DefaultPlugin [roughlyenoughitems]/"
[14:22:38] [Server thread/TRACE] [REI] [REICommonPlugin START] Reloading Section: "reloadable-plugin/EntryTypeRegistryImpl/DefaultPlugin of DefaultPlugin [roughlyenoughitems]/" done in 49.51 μs
[14:22:38] [Server thread/TRACE] [REI] [REICommonPlugin START] Reloading Section: "reloadable-plugin/EntryTypeRegistryImpl/FabricFluidAPISupportPlugin/"
[14:22:38] [Server thread/TRACE] [REI] [REICommonPlugin START] Reloading Section: "reloadable-plugin/EntryTypeRegistryImpl/FabricFluidAPISupportPlugin/" done in 45.04 μs
[14:22:38] [Server thread/TRACE] [REI] [REICommonPlugin START] Reloading Section: "reloadable-plugin/EntryTypeRegistryImpl/DefaultRuntimePlugin of DefaultRuntimePlugin [roughlyenoughitems]/"
[14:22:38] [Server thread/TRACE] [REI] [REICommonPlugin START] Reloading Section: "reloadable-plugin/EntryTypeRegistryImpl/DefaultRuntimePlugin of DefaultRuntimePlugin [roughlyenoughitems]/" done in 17.09 ms
[14:22:38] [Server thread/TRACE] [REI] [REICommonPlugin START] Reloading Section: "reloadable-plugin/EntryTypeRegistryImpl/" done in 19.27 ms
[14:22:38] [Server thread/TRACE] [REI] [REICommonPlugin START] Reloading Section: "reloadable-plugin/EntrySettingsAdapterRegistryImpl/"
[14:22:38] [Server thread/TRACE] [REI] [REICommonPlugin START] Reloading Section: "reloadable-plugin/EntrySettingsAdapterRegistryImpl/DefaultPlugin of DefaultPlugin [roughlyenoughitems]/"
[14:22:38] [Server thread/TRACE] [REI] [REICommonPlugin START] Reloading Section: "reloadable-plugin/EntrySettingsAdapterRegistryImpl/DefaultPlugin of DefaultPlugin [roughlyenoughitems]/" done in 152.6 μs
[14:22:38] [Server thread/TRACE] [REI] [REICommonPlugin START] Reloading Section: "reloadable-plugin/EntrySettingsAdapterRegistryImpl/FabricFluidAPISupportPlugin/"
[14:22:38] [Server thread/TRACE] [REI] [REICommonPlugin START] Reloading Section: "reloadable-plugin/EntrySettingsAdapterRegistryImpl/FabricFluidAPISupportPlugin/" done in 129.2 μs
[14:22:38] [Server thread/TRACE] [REI] [REICommonPlugin START] Reloading Section: "reloadable-plugin/EntrySettingsAdapterRegistryImpl/DefaultRuntimePlugin of DefaultRuntimePlugin [roughlyenoughitems]/"
[14:22:38] [Server thread/TRACE] [REI] [REICommonPlugin START] Reloading Section: "reloadable-plugin/EntrySettingsAdapterRegistryImpl/DefaultRuntimePlugin of DefaultRuntimePlugin [roughlyenoughitems]/" done in 75.13 μs
[14:22:38] [Server thread/TRACE] [REI] [REICommonPlugin START] Reloading Section: "reloadable-plugin/EntrySettingsAdapterRegistryImpl/" done in 1.273 ms
[14:22:38] [Server thread/TRACE] [REI] [REICommonPlugin START] Reloading Section: "reloadable-plugin/ItemComparatorRegistryImpl/"
[14:22:38] [Server thread/TRACE] [REI] [REICommonPlugin START] Reloading Section: "reloadable-plugin/ItemComparatorRegistryImpl/DefaultPlugin of DefaultPlugin [roughlyenoughitems]/"
[14:22:38] [Server thread/TRACE] [REI] [REICommonPlugin START] Reloading Section: "reloadable-plugin/ItemComparatorRegistryImpl/DefaultPlugin of DefaultPlugin [roughlyenoughitems]/" done in 1.359 ms
[14:22:38] [Server thread/TRACE] [REI] [REICommonPlugin START] Reloading Section: "reloadable-plugin/ItemComparatorRegistryImpl/FabricFluidAPISupportPlugin/"
[14:22:38] [Server thread/TRACE] [REI] [REICommonPlugin START] Reloading Section: "reloadable-plugin/ItemComparatorRegistryImpl/FabricFluidAPISupportPlugin/" done in 148.0 μs
[14:22:38] [Server thread/TRACE] [REI] [REICommonPlugin START] Reloading Section: "reloadable-plugin/ItemComparatorRegistryImpl/DefaultRuntimePlugin of DefaultRuntimePlugin [roughlyenoughitems]/"
[14:22:38] [Server thread/TRACE] [REI] [REICommonPlugin START] Reloading Section: "reloadable-plugin/ItemComparatorRegistryImpl/DefaultRuntimePlugin of DefaultRuntimePlugin [roughlyenoughitems]/" done in 62.73 μs
[14:22:38] [Server thread/TRACE] [REI] [REICommonPlugin START] Reloading Section: "reloadable-plugin/ItemComparatorRegistryImpl/" done in 3.474 ms
[14:22:38] [Server thread/TRACE] [REI] [REICommonPlugin START] Reloading Section: "reloadable-plugin/FluidComparatorRegistryImpl/"
[14:22:38] [Server thread/TRACE] [REI] [REICommonPlugin START] Reloading Section: "reloadable-plugin/FluidComparatorRegistryImpl/DefaultPlugin of DefaultPlugin [roughlyenoughitems]/"
[14:22:38] [Server thread/TRACE] [REI] [REICommonPlugin START] Reloading Section: "reloadable-plugin/FluidComparatorRegistryImpl/DefaultPlugin of DefaultPlugin [roughlyenoughitems]/" done in 162.6 μs
[14:22:38] [Server thread/TRACE] [REI] [REICommonPlugin START] Reloading Section: "reloadable-plugin/FluidComparatorRegistryImpl/FabricFluidAPISupportPlugin/"
[14:22:38] [Server thread/TRACE] [REI] [REICommonPlugin START] Reloading Section: "reloadable-plugin/FluidComparatorRegistryImpl/FabricFluidAPISupportPlugin/" done in 511.2 μs
[14:22:38] [Server thread/TRACE] [REI] [REICommonPlugin START] Reloading Section: "reloadable-plugin/FluidComparatorRegistryImpl/DefaultRuntimePlugin of DefaultRuntimePlugin [roughlyenoughitems]/"
[14:22:38] [Server thread/TRACE] [REI] [REICommonPlugin START] Reloading Section: "reloadable-plugin/FluidComparatorRegistryImpl/DefaultRuntimePlugin of DefaultRuntimePlugin [roughlyenoughitems]/" done in 89.05 μs
[14:22:38] [Server thread/TRACE] [REI] [REICommonPlugin START] Reloading Section: "reloadable-plugin/FluidComparatorRegistryImpl/" done in 4.568 ms
[14:22:38] [Server thread/TRACE] [REI] [REICommonPlugin START] Reloading Section: "reloadable-plugin/DisplaySerializerRegistryImpl/"
[14:22:38] [Server thread/TRACE] [REI] [REICommonPlugin START] Reloading Section: "reloadable-plugin/DisplaySerializerRegistryImpl/DefaultPlugin of DefaultPlugin [roughlyenoughitems]/"
[14:22:38] [Server thread/DEBUG] [REI] Added display serializer [minecraft:client/crafting/shaped] me.shedaniel.rei.api.common.display.DisplaySerializer$1@52d3bacc
[14:22:38] [Server thread/DEBUG] [REI] Added display serializer [minecraft:client/crafting/shapeless] me.shedaniel.rei.api.common.display.DisplaySerializer$1@5d9db37
[14:22:38] [Server thread/DEBUG] [REI] Added display serializer [minecraft:client/smelting] me.shedaniel.rei.api.common.display.DisplaySerializer$1@c32c53a
[14:22:38] [Server thread/DEBUG] [REI] Added display serializer [minecraft:client/smoking] me.shedaniel.rei.api.common.display.DisplaySerializer$1@55c05df7
[14:22:38] [Server thread/DEBUG] [REI] Added display serializer [minecraft:client/blasting] me.shedaniel.rei.api.common.display.DisplaySerializer$1@3cb2890e
[14:22:38] [Server thread/DEBUG] [REI] Added display serializer [minecraft:default/crafting/shaped] me.shedaniel.rei.api.common.display.DisplaySerializer$1@6d814b8b
[14:22:38] [Server thread/DEBUG] [REI] Added display serializer [minecraft:default/crafting/shapeless] me.shedaniel.rei.api.common.display.DisplaySerializer$1@49a43a7a
[14:22:38] [Server thread/DEBUG] [REI] Added display serializer [minecraft:default/crafting/custom] me.shedaniel.rei.api.common.display.DisplaySerializer$1@8cadf29
[14:22:38] [Server thread/DEBUG] [REI] Added display serializer [minecraft:default/crafting/custom_shaped] me.shedaniel.rei.api.common.display.DisplaySerializer$1@170dbab1
[14:22:38] [Server thread/DEBUG] [REI] Added display serializer [minecraft:default/crafting/custom_shapeless] me.shedaniel.rei.api.common.display.DisplaySerializer$1@71caee31
[14:22:38] [Server thread/DEBUG] [REI] Added display serializer [minecraft:extension/crafting/map_extending] me.shedaniel.rei.api.common.display.DisplaySerializer$1@6c19e26d
[14:22:38] [Server thread/DEBUG] [REI] Added display serializer [minecraft:default/smelting] me.shedaniel.rei.api.common.display.DisplaySerializer$1@a98fc3d
[14:22:38] [Server thread/DEBUG] [REI] Added display serializer [minecraft:default/smoking] me.shedaniel.rei.api.common.display.DisplaySerializer$1@2b296696
[14:22:38] [Server thread/DEBUG] [REI] Added display serializer [minecraft:default/blasting] me.shedaniel.rei.api.common.display.DisplaySerializer$1@244a5f9e
[14:22:38] [Server thread/DEBUG] [REI] Added display serializer [minecraft:default/campfire] me.shedaniel.rei.api.common.display.DisplaySerializer$1@3c530f36
[14:22:39] [Server thread/DEBUG] [REI] Added display serializer [minecraft:default/stone_cutting] me.shedaniel.rei.api.common.display.DisplaySerializer$1@190b5371
[14:22:39] [Server thread/DEBUG] [REI] Added display serializer [minecraft:default/stripping] me.shedaniel.rei.api.common.display.DisplaySerializer$1@6b456bd5
[14:22:39] [Server thread/DEBUG] [REI] Added display serializer [minecraft:default/brewing] me.shedaniel.rei.api.common.display.DisplaySerializer$1@2462ae8
[14:22:39] [Server thread/DEBUG] [REI] Added display serializer [minecraft:default/composting] me.shedaniel.rei.api.common.display.DisplaySerializer$1@227bcdcb
[14:22:39] [Server thread/DEBUG] [REI] Added display serializer [minecraft:default/fuel] me.shedaniel.rei.api.common.display.DisplaySerializer$1@74d5ef57
[14:22:39] [Server thread/DEBUG] [REI] Added display serializer [minecraft:default/smithing] me.shedaniel.rei.api.common.display.DisplaySerializer$1@4dba09c8
[14:22:39] [Server thread/DEBUG] [REI] Added display serializer [minecraft:default/smithing/trimming] me.shedaniel.rei.api.common.display.DisplaySerializer$1@44474cff
[14:22:39] [Server thread/DEBUG] [REI] Added display serializer [minecraft:default/anvil] me.shedaniel.rei.api.common.display.DisplaySerializer$1@6d957859
[14:22:39] [Server thread/DEBUG] [REI] Added display serializer [minecraft:default/beacon_base] me.shedaniel.rei.api.common.display.DisplaySerializer$1@4c35c8cf
[14:22:39] [Server thread/DEBUG] [REI] Added display serializer [minecraft:default/beacon_payment] me.shedaniel.rei.api.common.display.DisplaySerializer$1@1ca3246d
[14:22:39] [Server thread/DEBUG] [REI] Added display serializer [minecraft:default/tilling] me.shedaniel.rei.api.common.display.DisplaySerializer$1@3a342d1f
[14:22:39] [Server thread/DEBUG] [REI] Added display serializer [minecraft:default/pathing] me.shedaniel.rei.api.common.display.DisplaySerializer$1@585b5cd2
[14:22:39] [Server thread/DEBUG] [REI] Added display serializer [minecraft:default/waxing] me.shedaniel.rei.api.common.display.DisplaySerializer$1@6567fb62
[14:22:39] [Server thread/DEBUG] [REI] Added display serializer [minecraft:default/waxing_scraping] me.shedaniel.rei.api.common.display.DisplaySerializer$1@202e22d
[14:22:39] [Server thread/DEBUG] [REI] Added display serializer [minecraft:default/oxidizing] me.shedaniel.rei.api.common.display.DisplaySerializer$1@468d1a30
[14:22:39] [Server thread/DEBUG] [REI] Added display serializer [minecraft:default/oxidizing_scraping] me.shedaniel.rei.api.common.display.DisplaySerializer$1@5c219991
[14:22:39] [Server thread/DEBUG] [REI] Added display serializer [roughlyenoughitems:default/information] me.shedaniel.rei.api.common.display.DisplaySerializer$1@7fd30e21
[14:22:39] [Server thread/TRACE] [REI] [REICommonPlugin START] Reloading Section: "reloadable-plugin/DisplaySerializerRegistryImpl/DefaultPlugin of DefaultPlugin [roughlyenoughitems]/" done in 156.5 ms
[14:22:39] [Server thread/TRACE] [REI] [REICommonPlugin START] Reloading Section: "reloadable-plugin/DisplaySerializerRegistryImpl/FabricFluidAPISupportPlugin/"
[14:22:39] [Server thread/TRACE] [REI] [REICommonPlugin START] Reloading Section: "reloadable-plugin/DisplaySerializerRegistryImpl/FabricFluidAPISupportPlugin/" done in 241.3 μs
[14:22:39] [Server thread/TRACE] [REI] [REICommonPlugin START] Reloading Section: "reloadable-plugin/DisplaySerializerRegistryImpl/DefaultRuntimePlugin of DefaultRuntimePlugin [roughlyenoughitems]/"
[14:22:39] [Server thread/TRACE] [REI] [REICommonPlugin START] Reloading Section: "reloadable-plugin/DisplaySerializerRegistryImpl/DefaultRuntimePlugin of DefaultRuntimePlugin [roughlyenoughitems]/" done in 743.0 μs
[14:22:39] [Server thread/TRACE] [REI] [REICommonPlugin START] Reloading Section: "reloadable-plugin/DisplaySerializerRegistryImpl/" done in 159.4 ms
[14:22:39] [Server thread/TRACE] [REI] [REICommonPlugin START] Reloading Section: "reloadable-plugin/ServerDisplayRegistryImpl/"
[14:22:39] [Server thread/TRACE] [REI] [REICommonPlugin START] Reloading Section: "reloadable-plugin/ServerDisplayRegistryImpl/DefaultPlugin of DefaultPlugin [roughlyenoughitems]/"
[14:22:39] [Server thread/TRACE] [REI] [REICommonPlugin START] Reloading Section: "reloadable-plugin/ServerDisplayRegistryImpl/DefaultPlugin of DefaultPlugin [roughlyenoughitems]/" done in 74.86 μs
[14:22:39] [Server thread/TRACE] [REI] [REICommonPlugin START] Reloading Section: "reloadable-plugin/ServerDisplayRegistryImpl/FabricFluidAPISupportPlugin/"
[14:22:39] [Server thread/TRACE] [REI] [REICommonPlugin START] Reloading Section: "reloadable-plugin/ServerDisplayRegistryImpl/FabricFluidAPISupportPlugin/" done in 62.36 μs
[14:22:39] [Server thread/TRACE] [REI] [REICommonPlugin START] Reloading Section: "reloadable-plugin/ServerDisplayRegistryImpl/DefaultRuntimePlugin of DefaultRuntimePlugin [roughlyenoughitems]/"
[14:22:39] [Server thread/TRACE] [REI] [REICommonPlugin START] Reloading Section: "reloadable-plugin/ServerDisplayRegistryImpl/DefaultRuntimePlugin of DefaultRuntimePlugin [roughlyenoughitems]/" done in 58.07 μs
[14:22:39] [Server thread/TRACE] [REI] [REICommonPlugin START] Reloading Section: "reloadable-plugin/ServerDisplayRegistryImpl/" done in 1.109 ms
[14:22:39] [Server thread/TRACE] [REI] [REICommonPlugin START] Reloading Section: "reloadable-plugin/FluidSupportProviderImpl/"
[14:22:39] [Server thread/TRACE] [REI] [REICommonPlugin START] Reloading Section: "reloadable-plugin/FluidSupportProviderImpl/DefaultPlugin of DefaultPlugin [roughlyenoughitems]/"
[14:22:39] [Server thread/TRACE] [REI] [REICommonPlugin START] Reloading Section: "reloadable-plugin/FluidSupportProviderImpl/DefaultPlugin of DefaultPlugin [roughlyenoughitems]/" done in 747.4 μs
[14:22:39] [Server thread/TRACE] [REI] [REICommonPlugin START] Reloading Section: "reloadable-plugin/FluidSupportProviderImpl/FabricFluidAPISupportPlugin/"
[14:22:39] [Server thread/TRACE] [REI] [REICommonPlugin START] Reloading Section: "reloadable-plugin/FluidSupportProviderImpl/FabricFluidAPISupportPlugin/" done in 1.097 ms
[14:22:39] [Server thread/TRACE] [REI] [REICommonPlugin START] Reloading Section: "reloadable-plugin/FluidSupportProviderImpl/DefaultRuntimePlugin of DefaultRuntimePlugin [roughlyenoughitems]/"
[14:22:39] [Server thread/TRACE] [REI] [REICommonPlugin START] Reloading Section: "reloadable-plugin/FluidSupportProviderImpl/DefaultRuntimePlugin of DefaultRuntimePlugin [roughlyenoughitems]/" done in 618.7 μs
[14:22:39] [Server thread/TRACE] [REI] [REICommonPlugin START] Reloading Section: "reloadable-plugin/FluidSupportProviderImpl/" done in 5.395 ms
[14:22:39] [Server thread/DEBUG] [REI] ========================================
[14:22:39] [Server thread/DEBUG] [REI] REICommonPlugin ending main-reload for START.
[14:22:39] [Server thread/DEBUG] [REI] ========================================
[14:22:39] [Server thread/TRACE] [REI] [REICommonPlugin START] Reloading Section: "end-reload/"
[14:22:39] [Server thread/TRACE] [REI] [REICommonPlugin START] Reloading Section: "end-reload/SlotAccessorRegistryImpl/"
[14:22:39] [Server thread/TRACE] [REI] [REICommonPlugin START] Reloading Section: "end-reload/SlotAccessorRegistryImpl/" done in 1.456 ms
[14:22:39] [Server thread/TRACE] [REI] [REICommonPlugin START] Reloading Section: "end-reload/EntryTypeRegistryImpl/"
[14:22:39] [Server thread/TRACE] [REI] [REICommonPlugin START] Reloading Section: "end-reload/EntryTypeRegistryImpl/" done in 47.76 μs
[14:22:39] [Server thread/TRACE] [REI] [REICommonPlugin START] Reloading Section: "end-reload/EntrySettingsAdapterRegistryImpl/"
[14:22:39] [Server thread/TRACE] [REI] [REICommonPlugin START] Reloading Section: "end-reload/EntrySettingsAdapterRegistryImpl/" done in 34.31 μs
[14:22:39] [Server thread/TRACE] [REI] [REICommonPlugin START] Reloading Section: "end-reload/ItemComparatorRegistryImpl/"
[14:22:39] [Server thread/TRACE] [REI] [REICommonPlugin START] Reloading Section: "end-reload/ItemComparatorRegistryImpl/" done in 597.5 μs
[14:22:39] [Server thread/TRACE] [REI] [REICommonPlugin START] Reloading Section: "end-reload/FluidComparatorRegistryImpl/"
[14:22:39] [Server thread/TRACE] [REI] [REICommonPlugin START] Reloading Section: "end-reload/FluidComparatorRegistryImpl/" done in 536.8 μs
[14:22:39] [Server thread/TRACE] [REI] [REICommonPlugin START] Reloading Section: "end-reload/DisplaySerializerRegistryImpl/"
[14:22:39] [Server thread/TRACE] [REI] [REICommonPlugin START] Reloading Section: "end-reload/DisplaySerializerRegistryImpl/" done in 57.71 μs
[14:22:39] [Server thread/TRACE] [REI] [REICommonPlugin START] Reloading Section: "end-reload/ServerDisplayRegistryImpl/"
[14:22:39] [Server thread/TRACE] [REI] [REICommonPlugin START] Reloading Section: "end-reload/ServerDisplayRegistryImpl/" done in 32.33 μs
[14:22:39] [Server thread/TRACE] [REI] [REICommonPlugin START] Reloading Section: "end-reload/FluidSupportProviderImpl/"
[14:22:39] [Server thread/TRACE] [REI] [REICommonPlugin START] Reloading Section: "end-reload/FluidSupportProviderImpl/" done in 39.00 μs
[14:22:39] [Server thread/TRACE] [REI] [REICommonPlugin START] Reloading Section: "end-reload/" done in 6.869 ms
[14:22:39] [Server thread/DEBUG] [REI] ========================================
[14:22:39] [Server thread/DEBUG] [REI] REICommonPlugin ended main-reload for START in 219.1 ms.
[14:22:39] [Server thread/DEBUG] [REI] ========================================
[14:22:39] [Server thread/DEBUG] [REI] ========================================
[14:22:39] [Server thread/DEBUG] [REI] REICommonPlugin starting post-reload for START.
[14:22:39] [Server thread/DEBUG] [REI] Reloadables (8):
[14:22:39] [Server thread/DEBUG] [REI]  - SlotAccessorRegistryImpl
[14:22:39] [Server thread/DEBUG] [REI]  - EntryTypeRegistryImpl
[14:22:39] [Server thread/DEBUG] [REI]  - EntrySettingsAdapterRegistryImpl
[14:22:39] [Server thread/DEBUG] [REI]  - ItemComparatorRegistryImpl
[14:22:39] [Server thread/DEBUG] [REI]  - FluidComparatorRegistryImpl
[14:22:39] [Server thread/DEBUG] [REI]  - DisplaySerializerRegistryImpl
[14:22:39] [Server thread/DEBUG] [REI]  - ServerDisplayRegistryImpl
[14:22:39] [Server thread/DEBUG] [REI]  - FluidSupportProviderImpl
[14:22:39] [Server thread/DEBUG] [REI] Plugins (3):
[14:22:39] [Server thread/DEBUG] [REI]  - (-100.00) DefaultPlugin of DefaultPlugin [roughlyenoughitems]
[14:22:39] [Server thread/DEBUG] [REI]  - (0.00) FabricFluidAPISupportPlugin
[14:22:39] [Server thread/DEBUG] [REI]  - (0.00) DefaultRuntimePlugin of DefaultRuntimePlugin [roughlyenoughitems]
[14:22:39] [Server thread/DEBUG] [REI] ========================================
[14:22:39] [Server thread/TRACE] [REI] [REICommonPlugin START] Reloading Section: "post-register/"
[14:22:39] [Server thread/TRACE] [REI] [REICommonPlugin START] Reloading Section: "post-register/DefaultPlugin of DefaultPlugin [roughlyenoughitems]/"
[14:22:39] [Server thread/TRACE] [REI] [REICommonPlugin START] Reloading Section: "post-register/DefaultPlugin of DefaultPlugin [roughlyenoughitems]/" done in 1.484 ms
[14:22:39] [Server thread/TRACE] [REI] [REICommonPlugin START] Reloading Section: "post-register/FabricFluidAPISupportPlugin/"
[14:22:39] [Server thread/TRACE] [REI] [REICommonPlugin START] Reloading Section: "post-register/FabricFluidAPISupportPlugin/" done in 36.10 μs
[14:22:39] [Server thread/TRACE] [REI] [REICommonPlugin START] Reloading Section: "post-register/DefaultRuntimePlugin of DefaultRuntimePlugin [roughlyenoughitems]/"
[14:22:39] [Server thread/TRACE] [REI] [REICommonPlugin START] Reloading Section: "post-register/DefaultRuntimePlugin of DefaultRuntimePlugin [roughlyenoughitems]/" done in 63.60 μs
[14:22:39] [Server thread/TRACE] [REI] [REICommonPlugin START] Reloading Section: "post-register/" done in 5.787 ms
[14:22:39] [Server thread/TRACE] [REI] [REICommonPlugin START] Reloading Section: "post-stage/"
[14:22:39] [Server thread/TRACE] [REI] [REICommonPlugin START] Reloading Section: "post-stage/SlotAccessorRegistryImpl/"
[14:22:39] [Server thread/TRACE] [REI] [REICommonPlugin START] Reloading Section: "post-stage/SlotAccessorRegistryImpl/" done in 83.65 μs
[14:22:39] [Server thread/TRACE] [REI] [REICommonPlugin START] Reloading Section: "post-stage/EntryTypeRegistryImpl/"
[14:22:39] [Server thread/TRACE] [REI] [REICommonPlugin START] Reloading Section: "post-stage/EntryTypeRegistryImpl/" done in 50.16 μs
[14:22:39] [Server thread/TRACE] [REI] [REICommonPlugin START] Reloading Section: "post-stage/EntrySettingsAdapterRegistryImpl/"
[14:22:39] [Server thread/TRACE] [REI] [REICommonPlugin START] Reloading Section: "post-stage/EntrySettingsAdapterRegistryImpl/" done in 59.54 μs
[14:22:39] [Server thread/TRACE] [REI] [REICommonPlugin START] Reloading Section: "post-stage/ItemComparatorRegistryImpl/"
[14:22:39] [Server thread/TRACE] [REI] [REICommonPlugin START] Reloading Section: "post-stage/ItemComparatorRegistryImpl/" done in 198.5 μs
[14:22:39] [Server thread/TRACE] [REI] [REICommonPlugin START] Reloading Section: "post-stage/FluidComparatorRegistryImpl/"
[14:22:39] [Server thread/TRACE] [REI] [REICommonPlugin START] Reloading Section: "post-stage/FluidComparatorRegistryImpl/" done in 2.618 ms
[14:22:39] [Server thread/TRACE] [REI] [REICommonPlugin START] Reloading Section: "post-stage/DisplaySerializerRegistryImpl/"
[14:22:39] [Server thread/TRACE] [REI] [REICommonPlugin START] Reloading Section: "post-stage/DisplaySerializerRegistryImpl/" done in 51.36 μs
[14:22:39] [Server thread/TRACE] [REI] [REICommonPlugin START] Reloading Section: "post-stage/ServerDisplayRegistryImpl/"
[14:22:39] [Server thread/TRACE] [REI] [REICommonPlugin START] Reloading Section: "post-stage/ServerDisplayRegistryImpl/" done in 45.92 μs
[14:22:39] [Server thread/TRACE] [REI] [REICommonPlugin START] Reloading Section: "post-stage/FluidSupportProviderImpl/"
[14:22:39] [Server thread/TRACE] [REI] [REICommonPlugin START] Reloading Section: "post-stage/FluidSupportProviderImpl/" done in 47.90 μs
[14:22:39] [Server thread/TRACE] [REI] [REICommonPlugin START] Reloading Section: "post-stage/" done in 4.509 ms
[14:22:39] [Server thread/DEBUG] [REI] ========================================
[14:22:39] [Server thread/INFO] [REI] REICommonPlugin finished post-reload for START in 14.61 ms, totaling 255.1 ms.
[14:22:39] [Server thread/DEBUG] [REI] ========================================
[14:22:39] [Server thread/DEBUG] [REI] ========================================
[14:22:39] [Server thread/DEBUG] [REI] REICommonPlugin starting pre-reload for END.
[14:22:39] [Server thread/DEBUG] [REI] Reloadables (8):
[14:22:39] [Server thread/DEBUG] [REI]  - SlotAccessorRegistryImpl
[14:22:39] [Server thread/DEBUG] [REI]  - EntryTypeRegistryImpl
[14:22:39] [Server thread/DEBUG] [REI]  - EntrySettingsAdapterRegistryImpl
[14:22:39] [Server thread/DEBUG] [REI]  - ItemComparatorRegistryImpl
[14:22:39] [Server thread/DEBUG] [REI]  - FluidComparatorRegistryImpl
[14:22:39] [Server thread/DEBUG] [REI]  - DisplaySerializerRegistryImpl
[14:22:39] [Server thread/DEBUG] [REI]  - ServerDisplayRegistryImpl
[14:22:39] [Server thread/DEBUG] [REI]  - FluidSupportProviderImpl
[14:22:39] [Server thread/DEBUG] [REI] Plugins (3):
[14:22:39] [Server thread/DEBUG] [REI]  - (-100.00) DefaultPlugin of DefaultPlugin [roughlyenoughitems]
[14:22:39] [Server thread/DEBUG] [REI]  - (0.00) FabricFluidAPISupportPlugin
[14:22:39] [Server thread/DEBUG] [REI]  - (0.00) DefaultRuntimePlugin of DefaultRuntimePlugin [roughlyenoughitems]
[14:22:39] [Server thread/DEBUG] [REI] ========================================
[14:22:39] [Server thread/TRACE] [REI] [REICommonPlugin END] Reloading Section: "pre-register/"
[14:22:39] [Server thread/TRACE] [REI] [REICommonPlugin END] Reloading Section: "pre-register/DefaultPlugin of DefaultPlugin [roughlyenoughitems]/"
[14:22:39] [Server thread/TRACE] [REI] [REICommonPlugin END] Reloading Section: "pre-register/DefaultPlugin of DefaultPlugin [roughlyenoughitems]/" done in 38.21 μs
[14:22:39] [Server thread/TRACE] [REI] [REICommonPlugin END] Reloading Section: "pre-register/FabricFluidAPISupportPlugin/"
[14:22:39] [Server thread/TRACE] [REI] [REICommonPlugin END] Reloading Section: "pre-register/FabricFluidAPISupportPlugin/" done in 30.70 μs
[14:22:39] [Server thread/TRACE] [REI] [REICommonPlugin END] Reloading Section: "pre-register/DefaultRuntimePlugin of DefaultRuntimePlugin [roughlyenoughitems]/"
[14:22:39] [Server thread/TRACE] [REI] [REICommonPlugin END] Reloading Section: "pre-register/DefaultRuntimePlugin of DefaultRuntimePlugin [roughlyenoughitems]/" done in 29.43 μs
[14:22:39] [Server thread/TRACE] [REI] [REICommonPlugin END] Reloading Section: "pre-register/" done in 334.0 μs
[14:22:39] [Server thread/TRACE] [REI] [REICommonPlugin END] Reloading Section: "pre-stage/"
[14:22:39] [Server thread/TRACE] [REI] [REICommonPlugin END] Reloading Section: "pre-stage/SlotAccessorRegistryImpl/"
[14:22:39] [Server thread/TRACE] [REI] [REICommonPlugin END] Reloading Section: "pre-stage/SlotAccessorRegistryImpl/" done in 27.19 μs
[14:22:39] [Server thread/TRACE] [REI] [REICommonPlugin END] Reloading Section: "pre-stage/EntryTypeRegistryImpl/"
[14:22:39] [Server thread/TRACE] [REI] [REICommonPlugin END] Reloading Section: "pre-stage/EntryTypeRegistryImpl/" done in 28.53 μs
[14:22:39] [Server thread/TRACE] [REI] [REICommonPlugin END] Reloading Section: "pre-stage/EntrySettingsAdapterRegistryImpl/"
[14:22:39] [Server thread/TRACE] [REI] [REICommonPlugin END] Reloading Section: "pre-stage/EntrySettingsAdapterRegistryImpl/" done in 27.20 μs
[14:22:39] [Server thread/TRACE] [REI] [REICommonPlugin END] Reloading Section: "pre-stage/ItemComparatorRegistryImpl/"
[14:22:39] [Server thread/TRACE] [REI] [REICommonPlugin END] Reloading Section: "pre-stage/ItemComparatorRegistryImpl/" done in 52.82 μs
[14:22:39] [Server thread/TRACE] [REI] [REICommonPlugin END] Reloading Section: "pre-stage/FluidComparatorRegistryImpl/"
[14:22:39] [Server thread/TRACE] [REI] [REICommonPlugin END] Reloading Section: "pre-stage/FluidComparatorRegistryImpl/" done in 27.31 μs
[14:22:39] [Server thread/TRACE] [REI] [REICommonPlugin END] Reloading Section: "pre-stage/DisplaySerializerRegistryImpl/"
[14:22:39] [Server thread/TRACE] [REI] [REICommonPlugin END] Reloading Section: "pre-stage/DisplaySerializerRegistryImpl/" done in 26.09 μs
[14:22:39] [Server thread/TRACE] [REI] [REICommonPlugin END] Reloading Section: "pre-stage/ServerDisplayRegistryImpl/"
[14:22:39] [Server thread/TRACE] [REI] [REICommonPlugin END] Reloading Section: "pre-stage/ServerDisplayRegistryImpl/" done in 1.222 ms
[14:22:39] [Server thread/TRACE] [REI] [REICommonPlugin END] Reloading Section: "pre-stage/FluidSupportProviderImpl/"
[14:22:39] [Server thread/TRACE] [REI] [REICommonPlugin END] Reloading Section: "pre-stage/FluidSupportProviderImpl/" done in 33.57 μs
[14:22:39] [Server thread/TRACE] [REI] [REICommonPlugin END] Reloading Section: "pre-stage/" done in 3.820 ms
[14:22:39] [Server thread/DEBUG] [REI] ========================================
[14:22:39] [Server thread/DEBUG] [REI] REICommonPlugin finished pre-reload for END in 4.265 ms.
[14:22:39] [Server thread/DEBUG] [REI] ========================================
[14:22:39] [Server thread/INFO] [REI] OOOOOOOOOOOOOOOOOOOOOOOOOOOOOOOOOOOOOOOO
[14:22:39] [Server thread/INFO] [REI] REICommonPlugin starting main-reload for END.
[14:22:39] [Server thread/DEBUG] [REI] Reloadables (8):
[14:22:39] [Server thread/DEBUG] [REI]  - SlotAccessorRegistryImpl
[14:22:39] [Server thread/DEBUG] [REI]  - EntryTypeRegistryImpl
[14:22:39] [Server thread/DEBUG] [REI]  - EntrySettingsAdapterRegistryImpl
[14:22:39] [Server thread/DEBUG] [REI]  - ItemComparatorRegistryImpl
[14:22:39] [Server thread/DEBUG] [REI]  - FluidComparatorRegistryImpl
[14:22:39] [Server thread/DEBUG] [REI]  - DisplaySerializerRegistryImpl
[14:22:39] [Server thread/DEBUG] [REI]  - ServerDisplayRegistryImpl
[14:22:39] [Server thread/DEBUG] [REI]  - FluidSupportProviderImpl
[14:22:39] [Server thread/INFO] [REI] Plugins (3):
[14:22:39] [Server thread/INFO] [REI]  - (-100.00) DefaultPlugin of DefaultPlugin [roughlyenoughitems]
[14:22:39] [Server thread/INFO] [REI]  - (0.00) FabricFluidAPISupportPlugin
[14:22:39] [Server thread/INFO] [REI]  - (0.00) DefaultRuntimePlugin of DefaultRuntimePlugin [roughlyenoughitems]
[14:22:39] [Server thread/INFO] [REI] OOOOOOOOOOOOOOOOOOOOOOOOOOOOOOOOOOOOOOOO
[14:22:39] [Server thread/TRACE] [REI] [REICommonPlugin END] Reloading Section: "start-reload/"
[14:22:39] [Server thread/TRACE] [REI] [REICommonPlugin END] Reloading Section: "start-reload/SlotAccessorRegistryImpl/"
[14:22:39] [Server thread/TRACE] [REI] [REICommonPlugin END] Reloading Section: "start-reload/SlotAccessorRegistryImpl/" done in 50.71 μs
[14:22:39] [Server thread/TRACE] [REI] [REICommonPlugin END] Reloading Section: "start-reload/EntryTypeRegistryImpl/"
[14:22:39] [Server thread/TRACE] [REI] [REICommonPlugin END] Reloading Section: "start-reload/EntryTypeRegistryImpl/" done in 5.147 ms
[14:22:39] [Server thread/TRACE] [REI] [REICommonPlugin END] Reloading Section: "start-reload/EntrySettingsAdapterRegistryImpl/"
[14:22:39] [Server thread/TRACE] [REI] [REICommonPlugin END] Reloading Section: "start-reload/EntrySettingsAdapterRegistryImpl/" done in 74.15 μs
[14:22:39] [Server thread/TRACE] [REI] [REICommonPlugin END] Reloading Section: "start-reload/ItemComparatorRegistryImpl/"
[14:22:39] [Server thread/TRACE] [REI] [REICommonPlugin END] Reloading Section: "start-reload/ItemComparatorRegistryImpl/" done in 302.1 μs
[14:22:39] [Server thread/TRACE] [REI] [REICommonPlugin END] Reloading Section: "start-reload/FluidComparatorRegistryImpl/"
[14:22:39] [Server thread/TRACE] [REI] [REICommonPlugin END] Reloading Section: "start-reload/FluidComparatorRegistryImpl/" done in 71.91 μs
[14:22:39] [Server thread/TRACE] [REI] [REICommonPlugin END] Reloading Section: "start-reload/DisplaySerializerRegistryImpl/"
[14:22:39] [Server thread/TRACE] [REI] [REICommonPlugin END] Reloading Section: "start-reload/DisplaySerializerRegistryImpl/" done in 819.9 μs
[14:22:39] [Server thread/TRACE] [REI] [REICommonPlugin END] Reloading Section: "start-reload/ServerDisplayRegistryImpl/"
[14:22:39] [Server thread/TRACE] [REI] [REICommonPlugin END] Reloading Section: "start-reload/ServerDisplayRegistryImpl/" done in 477.4 μs
[14:22:39] [Server thread/TRACE] [REI] [REICommonPlugin END] Reloading Section: "start-reload/FluidSupportProviderImpl/"
[14:22:39] [Server thread/TRACE] [REI] [REICommonPlugin END] Reloading Section: "start-reload/FluidSupportProviderImpl/" done in 80.73 μs
[14:22:39] [Server thread/TRACE] [REI] [REICommonPlugin END] Reloading Section: "start-reload/" done in 10.65 ms
[14:22:39] [Server thread/DEBUG] [REI] ========================================
[14:22:39] [Server thread/DEBUG] [REI] REICommonPlugin started main-reload for END.
[14:22:39] [Server thread/DEBUG] [REI] ========================================
[14:22:39] [Server thread/TRACE] [REI] [REICommonPlugin END] Reloading Section: "reloadable-plugin/SlotAccessorRegistryImpl/"
[14:22:39] [Server thread/TRACE] [REI] [REICommonPlugin END] Reloading Section: "reloadable-plugin/SlotAccessorRegistryImpl/DefaultPlugin of DefaultPlugin [roughlyenoughitems]/"
[14:22:39] [Server thread/TRACE] [REI] [REICommonPlugin END] Reloading Section: "reloadable-plugin/SlotAccessorRegistryImpl/DefaultPlugin of DefaultPlugin [roughlyenoughitems]/" done in 168.3 μs
[14:22:39] [Server thread/TRACE] [REI] [REICommonPlugin END] Reloading Section: "reloadable-plugin/SlotAccessorRegistryImpl/FabricFluidAPISupportPlugin/"
[14:22:39] [Server thread/TRACE] [REI] [REICommonPlugin END] Reloading Section: "reloadable-plugin/SlotAccessorRegistryImpl/FabricFluidAPISupportPlugin/" done in 201.3 μs
[14:22:39] [Server thread/TRACE] [REI] [REICommonPlugin END] Reloading Section: "reloadable-plugin/SlotAccessorRegistryImpl/DefaultRuntimePlugin of DefaultRuntimePlugin [roughlyenoughitems]/"
[14:22:39] [Server thread/DEBUG] [REI] Added slot accessor serializer: me.shedaniel.rei.plugin.common.runtime.DefaultRuntimePlugin$1@674be86d [roughlyenoughitems:vanilla]
[14:22:39] [Server thread/DEBUG] [REI] Added slot accessor serializer: me.shedaniel.rei.plugin.common.runtime.DefaultRuntimePlugin$2@60828ff2 [roughlyenoughitems:player]
[14:22:39] [Server thread/TRACE] [REI] [REICommonPlugin END] Reloading Section: "reloadable-plugin/SlotAccessorRegistryImpl/DefaultRuntimePlugin of DefaultRuntimePlugin [roughlyenoughitems]/" done in 4.580 ms
[14:22:39] [Server thread/TRACE] [REI] [REICommonPlugin END] Reloading Section: "reloadable-plugin/SlotAccessorRegistryImpl/" done in 6.515 ms
[14:22:39] [Server thread/TRACE] [REI] [REICommonPlugin END] Reloading Section: "reloadable-plugin/EntryTypeRegistryImpl/"
[14:22:39] [Server thread/TRACE] [REI] [REICommonPlugin END] Reloading Section: "reloadable-plugin/EntryTypeRegistryImpl/DefaultPlugin of DefaultPlugin [roughlyenoughitems]/"
[14:22:39] [Server thread/TRACE] [REI] [REICommonPlugin END] Reloading Section: "reloadable-plugin/EntryTypeRegistryImpl/DefaultPlugin of DefaultPlugin [roughlyenoughitems]/" done in 37.19 μs
[14:22:39] [Server thread/TRACE] [REI] [REICommonPlugin END] Reloading Section: "reloadable-plugin/EntryTypeRegistryImpl/FabricFluidAPISupportPlugin/"
[14:22:39] [Server thread/TRACE] [REI] [REICommonPlugin END] Reloading Section: "reloadable-plugin/EntryTypeRegistryImpl/FabricFluidAPISupportPlugin/" done in 57.32 μs
[14:22:39] [Server thread/TRACE] [REI] [REICommonPlugin END] Reloading Section: "reloadable-plugin/EntryTypeRegistryImpl/DefaultRuntimePlugin of DefaultRuntimePlugin [roughlyenoughitems]/"
[14:22:39] [Server thread/TRACE] [REI] [REICommonPlugin END] Reloading Section: "reloadable-plugin/EntryTypeRegistryImpl/DefaultRuntimePlugin of DefaultRuntimePlugin [roughlyenoughitems]/" done in 33.82 μs
[14:22:39] [Server thread/TRACE] [REI] [REICommonPlugin END] Reloading Section: "reloadable-plugin/EntryTypeRegistryImpl/" done in 372.2 μs
[14:22:39] [Server thread/TRACE] [REI] [REICommonPlugin END] Reloading Section: "reloadable-plugin/EntrySettingsAdapterRegistryImpl/"
[14:22:39] [Server thread/TRACE] [REI] [REICommonPlugin END] Reloading Section: "reloadable-plugin/EntrySettingsAdapterRegistryImpl/DefaultPlugin of DefaultPlugin [roughlyenoughitems]/"
[14:22:39] [Server thread/TRACE] [REI] [REICommonPlugin END] Reloading Section: "reloadable-plugin/EntrySettingsAdapterRegistryImpl/DefaultPlugin of DefaultPlugin [roughlyenoughitems]/" done in 42.43 μs
[14:22:39] [Server thread/TRACE] [REI] [REICommonPlugin END] Reloading Section: "reloadable-plugin/EntrySettingsAdapterRegistryImpl/FabricFluidAPISupportPlugin/"
[14:22:39] [Server thread/TRACE] [REI] [REICommonPlugin END] Reloading Section: "reloadable-plugin/EntrySettingsAdapterRegistryImpl/FabricFluidAPISupportPlugin/" done in 34.31 μs
[14:22:39] [Server thread/TRACE] [REI] [REICommonPlugin END] Reloading Section: "reloadable-plugin/EntrySettingsAdapterRegistryImpl/DefaultRuntimePlugin of DefaultRuntimePlugin [roughlyenoughitems]/"
[14:22:39] [Server thread/TRACE] [REI] [REICommonPlugin END] Reloading Section: "reloadable-plugin/EntrySettingsAdapterRegistryImpl/DefaultRuntimePlugin of DefaultRuntimePlugin [roughlyenoughitems]/" done in 32.00 μs
[14:22:39] [Server thread/TRACE] [REI] [REICommonPlugin END] Reloading Section: "reloadable-plugin/EntrySettingsAdapterRegistryImpl/" done in 330.8 μs
[14:22:39] [Server thread/TRACE] [REI] [REICommonPlugin END] Reloading Section: "reloadable-plugin/ItemComparatorRegistryImpl/"
[14:22:39] [Server thread/TRACE] [REI] [REICommonPlugin END] Reloading Section: "reloadable-plugin/ItemComparatorRegistryImpl/DefaultPlugin of DefaultPlugin [roughlyenoughitems]/"
[14:22:39] [Server thread/TRACE] [REI] [REICommonPlugin END] Reloading Section: "reloadable-plugin/ItemComparatorRegistryImpl/DefaultPlugin of DefaultPlugin [roughlyenoughitems]/" done in 32.46 μs
[14:22:39] [Server thread/TRACE] [REI] [REICommonPlugin END] Reloading Section: "reloadable-plugin/ItemComparatorRegistryImpl/FabricFluidAPISupportPlugin/"
[14:22:39] [Server thread/TRACE] [REI] [REICommonPlugin END] Reloading Section: "reloadable-plugin/ItemComparatorRegistryImpl/FabricFluidAPISupportPlugin/" done in 30.87 μs
[14:22:39] [Server thread/TRACE] [REI] [REICommonPlugin END] Reloading Section: "reloadable-plugin/ItemComparatorRegistryImpl/DefaultRuntimePlugin of DefaultRuntimePlugin [roughlyenoughitems]/"
[14:22:39] [Server thread/TRACE] [REI] [REICommonPlugin END] Reloading Section: "reloadable-plugin/ItemComparatorRegistryImpl/DefaultRuntimePlugin of DefaultRuntimePlugin [roughlyenoughitems]/" done in 30.96 μs
[14:22:39] [Server thread/TRACE] [REI] [REICommonPlugin END] Reloading Section: "reloadable-plugin/ItemComparatorRegistryImpl/" done in 311.3 μs
[14:22:39] [Server thread/TRACE] [REI] [REICommonPlugin END] Reloading Section: "reloadable-plugin/FluidComparatorRegistryImpl/"
[14:22:39] [Server thread/TRACE] [REI] [REICommonPlugin END] Reloading Section: "reloadable-plugin/FluidComparatorRegistryImpl/DefaultPlugin of DefaultPlugin [roughlyenoughitems]/"
[14:22:39] [Server thread/TRACE] [REI] [REICommonPlugin END] Reloading Section: "reloadable-plugin/FluidComparatorRegistryImpl/DefaultPlugin of DefaultPlugin [roughlyenoughitems]/" done in 62.75 μs
[14:22:39] [Server thread/TRACE] [REI] [REICommonPlugin END] Reloading Section: "reloadable-plugin/FluidComparatorRegistryImpl/FabricFluidAPISupportPlugin/"
[14:22:39] [Server thread/TRACE] [REI] [REICommonPlugin END] Reloading Section: "reloadable-plugin/FluidComparatorRegistryImpl/FabricFluidAPISupportPlugin/" done in 208.9 μs
[14:22:39] [Server thread/TRACE] [REI] [REICommonPlugin END] Reloading Section: "reloadable-plugin/FluidComparatorRegistryImpl/DefaultRuntimePlugin of DefaultRuntimePlugin [roughlyenoughitems]/"
[14:22:39] [Server thread/TRACE] [REI] [REICommonPlugin END] Reloading Section: "reloadable-plugin/FluidComparatorRegistryImpl/DefaultRuntimePlugin of DefaultRuntimePlugin [roughlyenoughitems]/" done in 71.16 μs
[14:22:39] [Server thread/TRACE] [REI] [REICommonPlugin END] Reloading Section: "reloadable-plugin/FluidComparatorRegistryImpl/" done in 4.109 ms
[14:22:39] [Server thread/TRACE] [REI] [REICommonPlugin END] Reloading Section: "reloadable-plugin/DisplaySerializerRegistryImpl/"
[14:22:39] [Server thread/TRACE] [REI] [REICommonPlugin END] Reloading Section: "reloadable-plugin/DisplaySerializerRegistryImpl/DefaultPlugin of DefaultPlugin [roughlyenoughitems]/"
[14:22:39] [Server thread/TRACE] [REI] [REICommonPlugin END] Reloading Section: "reloadable-plugin/DisplaySerializerRegistryImpl/DefaultPlugin of DefaultPlugin [roughlyenoughitems]/" done in 48.84 μs
[14:22:39] [Server thread/TRACE] [REI] [REICommonPlugin END] Reloading Section: "reloadable-plugin/DisplaySerializerRegistryImpl/FabricFluidAPISupportPlugin/"
[14:22:39] [Server thread/TRACE] [REI] [REICommonPlugin END] Reloading Section: "reloadable-plugin/DisplaySerializerRegistryImpl/FabricFluidAPISupportPlugin/" done in 52.66 μs
[14:22:39] [Server thread/TRACE] [REI] [REICommonPlugin END] Reloading Section: "reloadable-plugin/DisplaySerializerRegistryImpl/DefaultRuntimePlugin of DefaultRuntimePlugin [roughlyenoughitems]/"
[14:22:39] [Server thread/TRACE] [REI] [REICommonPlugin END] Reloading Section: "reloadable-plugin/DisplaySerializerRegistryImpl/DefaultRuntimePlugin of DefaultRuntimePlugin [roughlyenoughitems]/" done in 119.5 μs
[14:22:39] [Server thread/TRACE] [REI] [REICommonPlugin END] Reloading Section: "reloadable-plugin/DisplaySerializerRegistryImpl/" done in 533.8 μs
[14:22:39] [Server thread/TRACE] [REI] [REICommonPlugin END] Reloading Section: "reloadable-plugin/ServerDisplayRegistryImpl/"
[14:22:39] [Server thread/TRACE] [REI] [REICommonPlugin END] Reloading Section: "reloadable-plugin/ServerDisplayRegistryImpl/DefaultPlugin of DefaultPlugin [roughlyenoughitems]/"
[14:22:39] [Server thread/DEBUG] [REI] Added display filter: me.shedaniel.rei.api.common.registry.display.DisplayConsumer$RecipeManagerConsumer$RecipeFillerBuilder$$Lambda/0x00007a2fc145a000@58949a4b
[14:22:39] [Server thread/DEBUG] [REI] Added display filter: me.shedaniel.rei.api.common.registry.display.DisplayConsumer$RecipeManagerConsumer$RecipeFillerBuilder$$Lambda/0x00007a2fc145a000@2bf2de8c
[14:22:39] [Server thread/DEBUG] [REI] Added display filter: me.shedaniel.rei.api.common.registry.display.DisplayConsumer$RecipeManagerConsumer$RecipeFillerBuilder$$Lambda/0x00007a2fc145a000@3518baa
[14:22:39] [Server thread/DEBUG] [REI] Added display filter: me.shedaniel.rei.api.common.registry.display.DisplayConsumer$RecipeManagerConsumer$RecipeFillerBuilder$$Lambda/0x00007a2fc145a000@630a1e4
[14:22:39] [Server thread/DEBUG] [REI] Added display filter: me.shedaniel.rei.api.common.registry.display.DisplayConsumer$RecipeManagerConsumer$RecipeFillerBuilder$$Lambda/0x00007a2fc145a000@2ef96f42
[14:22:39] [Server thread/DEBUG] [REI] Added display filter: me.shedaniel.rei.api.common.registry.display.DisplayConsumer$RecipeManagerConsumer$RecipeFillerBuilder$$Lambda/0x00007a2fc145a000@4ed885c5
[14:22:39] [Server thread/DEBUG] [REI] Added display filter: me.shedaniel.rei.api.common.registry.display.DisplayConsumer$RecipeManagerConsumer$RecipeFillerBuilder$$Lambda/0x00007a2fc145a000@5fd021a5
[14:22:39] [Server thread/DEBUG] [REI] Added display filter: me.shedaniel.rei.api.common.registry.display.DisplayConsumer$RecipeManagerConsumer$RecipeFillerBuilder$$Lambda/0x00007a2fc145b898@6bdbde55
[14:22:39] [Server thread/DEBUG] [REI] Added display filter: me.shedaniel.rei.api.common.registry.display.DisplayConsumer$RecipeManagerConsumer$RecipeFillerBuilder$$Lambda/0x00007a2fc145b898@18047bab
[14:22:39] [Server thread/DEBUG] [REI] Added display filter: me.shedaniel.rei.api.common.registry.display.DisplayConsumer$RecipeManagerConsumer$RecipeFillerBuilder$$Lambda/0x00007a2fc145b898@32711ea
[14:22:39] [Server thread/DEBUG] [REI] Added display filter: me.shedaniel.rei.api.common.registry.display.DisplayConsumer$RecipeManagerConsumer$RecipeFillerBuilder$$Lambda/0x00007a2fc145b898@76e8a740
[14:22:39] [Server thread/DEBUG] [REI] Added display filter: me.shedaniel.rei.api.common.registry.display.DisplayConsumer$RecipeManagerConsumer$RecipeFillerBuilder$$Lambda/0x00007a2fc145b898@4374f6be
[14:22:39] [Server thread/DEBUG] [REI] Added display filter: me.shedaniel.rei.api.common.registry.display.DisplayConsumer$RecipeManagerConsumer$RecipeFillerBuilder$$Lambda/0x00007a2fc145b898@78961458
[14:22:39] [Server thread/DEBUG] [REI] Added display filter: me.shedaniel.rei.api.common.registry.display.DisplayConsumer$RecipeManagerConsumer$RecipeFillerBuilder$$Lambda/0x00007a2fc145b898@4385e2e1
[14:22:39] [Server thread/DEBUG] [REI] Added display filter: me.shedaniel.rei.api.common.registry.display.DisplayConsumer$RecipeManagerConsumer$RecipeFillerBuilder$$Lambda/0x00007a2fc145b898@70649f76
[14:22:39] [Server thread/DEBUG] [REI] Added display filter: me.shedaniel.rei.api.common.registry.display.DisplayConsumer$RecipeManagerConsumer$RecipeFillerBuilder$$Lambda/0x00007a2fc145b898@14c156c2
[14:22:39] [Server thread/TRACE] [REI] [REICommonPlugin END] Reloading Section: "reloadable-plugin/ServerDisplayRegistryImpl/DefaultPlugin of DefaultPlugin [roughlyenoughitems]/" done in 19.86 ms
[14:22:39] [Server thread/TRACE] [REI] [REICommonPlugin END] Reloading Section: "reloadable-plugin/ServerDisplayRegistryImpl/FabricFluidAPISupportPlugin/"
[14:22:39] [Server thread/TRACE] [REI] [REICommonPlugin END] Reloading Section: "reloadable-plugin/ServerDisplayRegistryImpl/FabricFluidAPISupportPlugin/" done in 235.8 μs
[14:22:39] [Server thread/TRACE] [REI] [REICommonPlugin END] Reloading Section: "reloadable-plugin/ServerDisplayRegistryImpl/DefaultRuntimePlugin of DefaultRuntimePlugin [roughlyenoughitems]/"
[14:22:39] [Server thread/TRACE] [REI] [REICommonPlugin END] Reloading Section: "reloadable-plugin/ServerDisplayRegistryImpl/DefaultRuntimePlugin of DefaultRuntimePlugin [roughlyenoughitems]/" done in 85.11 μs
[14:22:39] [Server thread/TRACE] [REI] [REICommonPlugin END] Reloading Section: "reloadable-plugin/ServerDisplayRegistryImpl/" done in 21.44 ms
[14:22:39] [Server thread/TRACE] [REI] [REICommonPlugin END] Reloading Section: "reloadable-plugin/FluidSupportProviderImpl/"
[14:22:39] [Server thread/TRACE] [REI] [REICommonPlugin END] Reloading Section: "reloadable-plugin/FluidSupportProviderImpl/DefaultPlugin of DefaultPlugin [roughlyenoughitems]/"
[14:22:39] [Server thread/TRACE] [REI] [REICommonPlugin END] Reloading Section: "reloadable-plugin/FluidSupportProviderImpl/DefaultPlugin of DefaultPlugin [roughlyenoughitems]/" done in 1.460 ms
[14:22:39] [Server thread/TRACE] [REI] [REICommonPlugin END] Reloading Section: "reloadable-plugin/FluidSupportProviderImpl/FabricFluidAPISupportPlugin/"
[14:22:39] [Server thread/TRACE] [REI] [REICommonPlugin END] Reloading Section: "reloadable-plugin/FluidSupportProviderImpl/FabricFluidAPISupportPlugin/" done in 76.32 μs
[14:22:39] [Server thread/TRACE] [REI] [REICommonPlugin END] Reloading Section: "reloadable-plugin/FluidSupportProviderImpl/DefaultRuntimePlugin of DefaultRuntimePlugin [roughlyenoughitems]/"
[14:22:39] [Server thread/TRACE] [REI] [REICommonPlugin END] Reloading Section: "reloadable-plugin/FluidSupportProviderImpl/DefaultRuntimePlugin of DefaultRuntimePlugin [roughlyenoughitems]/" done in 53.93 μs
[14:22:39] [Server thread/TRACE] [REI] [REICommonPlugin END] Reloading Section: "reloadable-plugin/FluidSupportProviderImpl/" done in 2.144 ms
[14:22:39] [Server thread/DEBUG] [REI] ========================================
[14:22:39] [Server thread/DEBUG] [REI] REICommonPlugin ending main-reload for END.
[14:22:39] [Server thread/DEBUG] [REI] ========================================
[14:22:39] [Server thread/TRACE] [REI] [REICommonPlugin END] Reloading Section: "end-reload/"
[14:22:39] [Server thread/TRACE] [REI] [REICommonPlugin END] Reloading Section: "end-reload/SlotAccessorRegistryImpl/"
[14:22:39] [Server thread/DEBUG] [REI] Registered 2 slot accessor serializers
[14:22:39] [Server thread/TRACE] [REI] [REICommonPlugin END] Reloading Section: "end-reload/SlotAccessorRegistryImpl/" done in 199.2 μs
[14:22:39] [Server thread/TRACE] [REI] [REICommonPlugin END] Reloading Section: "end-reload/EntryTypeRegistryImpl/"
[14:22:39] [Server thread/TRACE] [REI] [REICommonPlugin END] Reloading Section: "end-reload/EntryTypeRegistryImpl/" done in 47.68 μs
[14:22:39] [Server thread/TRACE] [REI] [REICommonPlugin END] Reloading Section: "end-reload/EntrySettingsAdapterRegistryImpl/"
[14:22:39] [Server thread/TRACE] [REI] [REICommonPlugin END] Reloading Section: "end-reload/EntrySettingsAdapterRegistryImpl/" done in 169.9 μs
[14:22:39] [Server thread/TRACE] [REI] [REICommonPlugin END] Reloading Section: "end-reload/ItemComparatorRegistryImpl/"
[14:22:39] [Server thread/TRACE] [REI] [REICommonPlugin END] Reloading Section: "end-reload/ItemComparatorRegistryImpl/" done in 163.4 μs
[14:22:39] [Server thread/TRACE] [REI] [REICommonPlugin END] Reloading Section: "end-reload/FluidComparatorRegistryImpl/"
[14:22:39] [Server thread/TRACE] [REI] [REICommonPlugin END] Reloading Section: "end-reload/FluidComparatorRegistryImpl/" done in 279.4 μs
[14:22:39] [Server thread/TRACE] [REI] [REICommonPlugin END] Reloading Section: "end-reload/DisplaySerializerRegistryImpl/"
[14:22:39] [Server thread/TRACE] [REI] [REICommonPlugin END] Reloading Section: "end-reload/DisplaySerializerRegistryImpl/" done in 81.99 μs
[14:22:39] [Server thread/TRACE] [REI] [REICommonPlugin END] Reloading Section: "end-reload/ServerDisplayRegistryImpl/"
[14:22:39] [Server thread/DEBUG] [REI] Found preliminary 0 displays
[14:22:39] [Server thread/DEBUG] [REI] Filled 2074 displays from recipe manager in 217.6 ms
[14:22:39] [Server thread/TRACE] [REI] [REICommonPlugin END] Reloading Section: "end-reload/ServerDisplayRegistryImpl/" done in 218.5 ms
[14:22:39] [Server thread/TRACE] [REI] [REICommonPlugin END] Reloading Section: "end-reload/FluidSupportProviderImpl/"
[14:22:39] [Server thread/TRACE] [REI] [REICommonPlugin END] Reloading Section: "end-reload/FluidSupportProviderImpl/" done in 46.94 μs
[14:22:39] [Server thread/TRACE] [REI] [REICommonPlugin END] Reloading Section: "end-reload/" done in 221.3 ms
[14:22:39] [Server thread/DEBUG] [REI] ========================================
[14:22:39] [Server thread/DEBUG] [REI] REICommonPlugin ended main-reload for END in 270.6 ms.
[14:22:39] [Server thread/DEBUG] [REI] ========================================
[14:22:39] [Server thread/DEBUG] [REI] ========================================
[14:22:39] [Server thread/DEBUG] [REI] REICommonPlugin starting post-reload for END.
[14:22:39] [Server thread/DEBUG] [REI] Reloadables (8):
[14:22:39] [Server thread/DEBUG] [REI]  - SlotAccessorRegistryImpl
[14:22:39] [Server thread/DEBUG] [REI]  - EntryTypeRegistryImpl
[14:22:39] [Server thread/DEBUG] [REI]  - EntrySettingsAdapterRegistryImpl
[14:22:39] [Server thread/DEBUG] [REI]  - ItemComparatorRegistryImpl
[14:22:39] [Server thread/DEBUG] [REI]  - FluidComparatorRegistryImpl
[14:22:39] [Server thread/DEBUG] [REI]  - DisplaySerializerRegistryImpl
[14:22:39] [Server thread/DEBUG] [REI]  - ServerDisplayRegistryImpl
[14:22:39] [Server thread/DEBUG] [REI]  - FluidSupportProviderImpl
[14:22:39] [Server thread/DEBUG] [REI] Plugins (3):
[14:22:39] [Server thread/DEBUG] [REI]  - (-100.00) DefaultPlugin of DefaultPlugin [roughlyenoughitems]
[14:22:39] [Server thread/DEBUG] [REI]  - (0.00) FabricFluidAPISupportPlugin
[14:22:39] [Server thread/DEBUG] [REI]  - (0.00) DefaultRuntimePlugin of DefaultRuntimePlugin [roughlyenoughitems]
[14:22:39] [Server thread/DEBUG] [REI] ========================================
[14:22:39] [Server thread/TRACE] [REI] [REICommonPlugin END] Reloading Section: "post-register/"
[14:22:39] [Server thread/TRACE] [REI] [REICommonPlugin END] Reloading Section: "post-register/DefaultPlugin of DefaultPlugin [roughlyenoughitems]/"
[14:22:39] [Server thread/TRACE] [REI] [REICommonPlugin END] Reloading Section: "post-register/DefaultPlugin of DefaultPlugin [roughlyenoughitems]/" done in 43.98 μs
[14:22:39] [Server thread/TRACE] [REI] [REICommonPlugin END] Reloading Section: "post-register/FabricFluidAPISupportPlugin/"
[14:22:39] [Server thread/TRACE] [REI] [REICommonPlugin END] Reloading Section: "post-register/FabricFluidAPISupportPlugin/" done in 41.03 μs
[14:22:39] [Server thread/TRACE] [REI] [REICommonPlugin END] Reloading Section: "post-register/DefaultRuntimePlugin of DefaultRuntimePlugin [roughlyenoughitems]/"
[14:22:39] [Server thread/TRACE] [REI] [REICommonPlugin END] Reloading Section: "post-register/DefaultRuntimePlugin of DefaultRuntimePlugin [roughlyenoughitems]/" done in 40.87 μs
[14:22:39] [Server thread/TRACE] [REI] [REICommonPlugin END] Reloading Section: "post-register/" done in 2.438 ms
[14:22:39] [Server thread/TRACE] [REI] [REICommonPlugin END] Reloading Section: "post-stage/"
[14:22:39] [Server thread/TRACE] [REI] [REICommonPlugin END] Reloading Section: "post-stage/SlotAccessorRegistryImpl/"
[14:22:39] [Server thread/TRACE] [REI] [REICommonPlugin END] Reloading Section: "post-stage/SlotAccessorRegistryImpl/" done in 33.19 μs
[14:22:39] [Server thread/TRACE] [REI] [REICommonPlugin END] Reloading Section: "post-stage/EntryTypeRegistryImpl/"
[14:22:39] [Server thread/TRACE] [REI] [REICommonPlugin END] Reloading Section: "post-stage/EntryTypeRegistryImpl/" done in 38.10 μs
[14:22:39] [Server thread/TRACE] [REI] [REICommonPlugin END] Reloading Section: "post-stage/EntrySettingsAdapterRegistryImpl/"
[14:22:39] [Server thread/TRACE] [REI] [REICommonPlugin END] Reloading Section: "post-stage/EntrySettingsAdapterRegistryImpl/" done in 44.92 μs
[14:22:39] [Server thread/TRACE] [REI] [REICommonPlugin END] Reloading Section: "post-stage/ItemComparatorRegistryImpl/"
[14:22:39] [Server thread/TRACE] [REI] [REICommonPlugin END] Reloading Section: "post-stage/ItemComparatorRegistryImpl/" done in 33.09 μs
[14:22:39] [Server thread/TRACE] [REI] [REICommonPlugin END] Reloading Section: "post-stage/FluidComparatorRegistryImpl/"
[14:22:39] [Server thread/TRACE] [REI] [REICommonPlugin END] Reloading Section: "post-stage/FluidComparatorRegistryImpl/" done in 32.61 μs
[14:22:39] [Server thread/TRACE] [REI] [REICommonPlugin END] Reloading Section: "post-stage/DisplaySerializerRegistryImpl/"
[14:22:39] [Server thread/TRACE] [REI] [REICommonPlugin END] Reloading Section: "post-stage/DisplaySerializerRegistryImpl/" done in 33.71 μs
[14:22:39] [Server thread/TRACE] [REI] [REICommonPlugin END] Reloading Section: "post-stage/ServerDisplayRegistryImpl/"
[14:22:39] [Server thread/TRACE] [REI] [REICommonPlugin END] Reloading Section: "post-stage/ServerDisplayRegistryImpl/" done in 794.4 μs
[14:22:39] [Server thread/TRACE] [REI] [REICommonPlugin END] Reloading Section: "post-stage/FluidSupportProviderImpl/"
[14:22:39] [Server thread/TRACE] [REI] [REICommonPlugin END] Reloading Section: "post-stage/FluidSupportProviderImpl/" done in 70.33 μs
[14:22:39] [Server thread/TRACE] [REI] [REICommonPlugin END] Reloading Section: "post-stage/" done in 2.872 ms
[14:22:39] [Server thread/DEBUG] [REI] ========================================
[14:22:39] [Server thread/INFO] [REI] REICommonPlugin finished post-reload for END in 5.406 ms, totaling 280.2 ms.
[14:22:39] [Server thread/DEBUG] [REI] ========================================
[14:22:40] [Server thread/DEBUG] [REI] Updating players with new displays version C1CCCD5F00000001 [from C1CCCD5F00000000]
[14:29:00] [Server thread/DEBUG] [REI] Player RolandKisserBoi has outdated displays version 0 [latest version: C1CCCD5F00000001]
[14:29:00] [Server thread/DEBUG] [REI] Player RolandKisserBoi has outdated displays version 0 [latest version: C1CCCD5F00000001], sending reset packet request.
